<?xml version="1.0" encoding="UTF-8"?>
<!-- Generated by org.testng.reporters.JUnitReportReporter -->
<testsuite hostname="BhuvanaPalani" failures="0" tests="1" name="Com.example.Google.GoogleTest" time="2.152" errors="0" timestamp="2025-08-09T21:18:56 IST" skipped="0">
  <testcase classname="Com.example.Google.GoogleTest" name="openGoogle" time="2.152"/>
</testsuite> <!-- Com.example.Google.GoogleTest -->
